app/build/intermediates/manifest_merge_blame_file/debug/processDebugMainManifest/manifest-merger-blame-debug-report.txt
1<?xml version="1.0" encoding="utf-8"?>
2<manifest xmlns:android="http://schemas.android.com/apk/res/android"
3    package="com.studenthousing.app"
4    android:versionCode="1"
5    android:versionName="1.0" >
6
7    <uses-sdk
8        android:minSdkVersion="24"
9        android:targetSdkVersion="34" />
10
11    <uses-permission android:name="android.permission.INTERNET" />
11-->src\main\AndroidManifest.xml:4:5-67
11-->src\main\AndroidManifest.xml:4:22-64
12    <uses-permission android:name="android.permission.ACCESS_NETWORK_STATE" />
12-->src\main\AndroidManifest.xml:5:5-79
12-->src\main\AndroidManifest.xml:5:22-76
13    <uses-permission android:name="android.permission.ACCESS_FINE_LOCATION" />
13-->src\main\AndroidManifest.xml:6:5-79
13-->src\main\AndroidManifest.xml:6:22-76
14    <uses-permission android:name="android.permission.ACCESS_COARSE_LOCATION" />
14-->src\main\AndroidManifest.xml:7:5-81
14-->src\main\AndroidManifest.xml:7:22-78
15
16    <uses-feature
16-->[com.google.android.gms:play-services-maps:19.0.0] AndroidManifest.xml:26:5-28:35
17        android:glEsVersion="0x00020000"
17-->[com.google.android.gms:play-services-maps:19.0.0] AndroidManifest.xml:27:9-41
18        android:required="true" />
18-->[com.google.android.gms:play-services-maps:19.0.0] AndroidManifest.xml:28:9-32
19
20    <queries>
20-->[com.google.android.gms:play-services-maps:19.0.0] AndroidManifest.xml:30:5-34:15
21
22        <!-- Needs to be explicitly declared on Android R+ -->
23        <package android:name="com.google.android.apps.maps" />
23-->[com.google.android.gms:play-services-maps:19.0.0] AndroidManifest.xml:33:9-64
23-->[com.google.android.gms:play-services-maps:19.0.0] AndroidManifest.xml:33:18-61
24    </queries>
25
26    <permission
26-->[androidx.core:core:1.13.1] AndroidManifest.xml:22:5-24:47
27        android:name="com.studenthousing.app.DYNAMIC_RECEIVER_NOT_EXPORTED_PERMISSION"
27-->[androidx.core:core:1.13.1] AndroidManifest.xml:23:9-81
28        android:protectionLevel="signature" />
28-->[androidx.core:core:1.13.1] AndroidManifest.xml:24:9-44
29
30    <uses-permission android:name="com.studenthousing.app.DYNAMIC_RECEIVER_NOT_EXPORTED_PERMISSION" />
30-->[androidx.core:core:1.13.1] AndroidManifest.xml:26:5-97
30-->[androidx.core:core:1.13.1] AndroidManifest.xml:26:22-94
31
32    <application
32-->src\main\AndroidManifest.xml:9:5-29:19
33        android:name="com.studenthousing.app.StudentHousingApp"
33-->src\main\AndroidManifest.xml:10:9-42
34        android:allowBackup="true"
34-->src\main\AndroidManifest.xml:11:9-35
35        android:appComponentFactory="androidx.core.app.CoreComponentFactory"
35-->[androidx.core:core:1.13.1] AndroidManifest.xml:28:18-86
36        android:debuggable="true"
37        android:extractNativeLibs="false"
38        android:icon="@drawable/ic_launcher"
38-->src\main\AndroidManifest.xml:12:9-45
39        android:label="@string/app_name"
39-->src\main\AndroidManifest.xml:13:9-41
40        android:roundIcon="@drawable/ic_launcher"
40-->src\main\AndroidManifest.xml:14:9-50
41        android:supportsRtl="true"
41-->src\main\AndroidManifest.xml:15:9-35
42        android:testOnly="true"
43        android:theme="@style/Theme.StudentHousing" >
43-->src\main\AndroidManifest.xml:16:9-52
44        <meta-data
44-->src\main\AndroidManifest.xml:17:9-19:71
45            android:name="com.google.android.geo.API_KEY"
45-->src\main\AndroidManifest.xml:18:13-58
46            android:value="AIzaSyCrfODcegAFosr1BQQgZJ_9B7LZZQQJUxE" />
46-->src\main\AndroidManifest.xml:19:13-68
47
48        <activity
48-->src\main\AndroidManifest.xml:21:9-28:20
49            android:name="com.studenthousing.app.MainActivity"
49-->src\main\AndroidManifest.xml:22:13-41
50            android:exported="true" >
50-->src\main\AndroidManifest.xml:23:13-36
51            <intent-filter>
51-->src\main\AndroidManifest.xml:24:13-27:29
52                <action android:name="android.intent.action.MAIN" />
52-->src\main\AndroidManifest.xml:25:17-69
52-->src\main\AndroidManifest.xml:25:25-66
53
54                <category android:name="android.intent.category.LAUNCHER" />
54-->src\main\AndroidManifest.xml:26:17-77
54-->src\main\AndroidManifest.xml:26:27-74
55            </intent-filter>
56        </activity>
57        <!-- Needs to be explicitly declared on P+ -->
58        <uses-library
58-->[com.google.android.gms:play-services-maps:19.0.0] AndroidManifest.xml:39:9-41:40
59            android:name="org.apache.http.legacy"
59-->[com.google.android.gms:play-services-maps:19.0.0] AndroidManifest.xml:40:13-50
60            android:required="false" />
60-->[com.google.android.gms:play-services-maps:19.0.0] AndroidManifest.xml:41:13-37
61
62        <activity
62-->[com.google.android.gms:play-services-base:18.5.0] AndroidManifest.xml:5:9-173
63            android:name="com.google.android.gms.common.api.GoogleApiActivity"
63-->[com.google.android.gms:play-services-base:18.5.0] AndroidManifest.xml:5:19-85
64            android:exported="false"
64-->[com.google.android.gms:play-services-base:18.5.0] AndroidManifest.xml:5:146-170
65            android:theme="@android:style/Theme.Translucent.NoTitleBar" />
65-->[com.google.android.gms:play-services-base:18.5.0] AndroidManifest.xml:5:86-145
66
67        <meta-data
67-->[com.google.android.gms:play-services-basement:18.4.0] AndroidManifest.xml:6:9-122
68            android:name="com.google.android.gms.version"
68-->[com.google.android.gms:play-services-basement:18.4.0] AndroidManifest.xml:6:20-65
69            android:value="@integer/google_play_services_version" />
69-->[com.google.android.gms:play-services-basement:18.4.0] AndroidManifest.xml:6:66-119
70
71        <provider
71-->[androidx.emoji2:emoji2:1.3.0] AndroidManifest.xml:24:9-32:20
72            android:name="androidx.startup.InitializationProvider"
72-->[androidx.emoji2:emoji2:1.3.0] AndroidManifest.xml:25:13-67
73            android:authorities="com.studenthousing.app.androidx-startup"
73-->[androidx.emoji2:emoji2:1.3.0] AndroidManifest.xml:26:13-68
74            android:exported="false" >
74-->[androidx.emoji2:emoji2:1.3.0] AndroidManifest.xml:27:13-37
75            <meta-data
75-->[androidx.emoji2:emoji2:1.3.0] AndroidManifest.xml:29:13-31:52
76                android:name="androidx.emoji2.text.EmojiCompatInitializer"
76-->[androidx.emoji2:emoji2:1.3.0] AndroidManifest.xml:30:17-75
77                android:value="androidx.startup" />
77-->[androidx.emoji2:emoji2:1.3.0] AndroidManifest.xml:31:17-49
78            <meta-data
78-->[androidx.lifecycle:lifecycle-process:2.8.4] AndroidManifest.xml:29:13-31:52
79                android:name="androidx.lifecycle.ProcessLifecycleInitializer"
79-->[androidx.lifecycle:lifecycle-process:2.8.4] AndroidManifest.xml:30:17-78
80                android:value="androidx.startup" />
80-->[androidx.lifecycle:lifecycle-process:2.8.4] AndroidManifest.xml:31:17-49
81            <meta-data
81-->[androidx.profileinstaller:profileinstaller:1.3.1] AndroidManifest.xml:29:13-31:52
82                android:name="androidx.profileinstaller.ProfileInstallerInitializer"
82-->[androidx.profileinstaller:profileinstaller:1.3.1] AndroidManifest.xml:30:17-85
83                android:value="androidx.startup" />
83-->[androidx.profileinstaller:profileinstaller:1.3.1] AndroidManifest.xml:31:17-49
84        </provider>
85
86        <uses-library
86-->[androidx.window:window:1.0.0] AndroidManifest.xml:25:9-27:40
87            android:name="androidx.window.extensions"
87-->[androidx.window:window:1.0.0] AndroidManifest.xml:26:13-54
88            android:required="false" />
88-->[androidx.window:window:1.0.0] AndroidManifest.xml:27:13-37
89        <uses-library
89-->[androidx.window:window:1.0.0] AndroidManifest.xml:28:9-30:40
90            android:name="androidx.window.sidecar"
90-->[androidx.window:window:1.0.0] AndroidManifest.xml:29:13-51
91            android:required="false" />
91-->[androidx.window:window:1.0.0] AndroidManifest.xml:30:13-37
92
93        <service
93-->[androidx.room:room-runtime:2.6.1] AndroidManifest.xml:24:9-28:63
94            android:name="androidx.room.MultiInstanceInvalidationService"
94-->[androidx.room:room-runtime:2.6.1] AndroidManifest.xml:25:13-74
95            android:directBootAware="true"
95-->[androidx.room:room-runtime:2.6.1] AndroidManifest.xml:26:13-43
96            android:exported="false" />
96-->[androidx.room:room-runtime:2.6.1] AndroidManifest.xml:27:13-37
97
98        <receiver
98-->[androidx.profileinstaller:profileinstaller:1.3.1] AndroidManifest.xml:34:9-52:20
99            android:name="androidx.profileinstaller.ProfileInstallReceiver"
99-->[androidx.profileinstaller:profileinstaller:1.3.1] AndroidManifest.xml:35:13-76
100            android:directBootAware="false"
100-->[androidx.profileinstaller:profileinstaller:1.3.1] AndroidManifest.xml:36:13-44
101            android:enabled="true"
101-->[androidx.profileinstaller:profileinstaller:1.3.1] AndroidManifest.xml:37:13-35
102            android:exported="true"
102-->[androidx.profileinstaller:profileinstaller:1.3.1] AndroidManifest.xml:38:13-36
103            android:permission="android.permission.DUMP" >
103-->[androidx.profileinstaller:profileinstaller:1.3.1] AndroidManifest.xml:39:13-57
104            <intent-filter>
104-->[androidx.profileinstaller:profileinstaller:1.3.1] AndroidManifest.xml:40:13-42:29
105                <action android:name="androidx.profileinstaller.action.INSTALL_PROFILE" />
105-->[androidx.profileinstaller:profileinstaller:1.3.1] AndroidManifest.xml:41:17-91
105-->[androidx.profileinstaller:profileinstaller:1.3.1] AndroidManifest.xml:41:25-88
106            </intent-filter>
107            <intent-filter>
107-->[androidx.profileinstaller:profileinstaller:1.3.1] AndroidManifest.xml:43:13-45:29
108                <action android:name="androidx.profileinstaller.action.SKIP_FILE" />
108-->[androidx.profileinstaller:profileinstaller:1.3.1] AndroidManifest.xml:44:17-85
108-->[androidx.profileinstaller:profileinstaller:1.3.1] AndroidManifest.xml:44:25-82
109            </intent-filter>
110            <intent-filter>
110-->[androidx.profileinstaller:profileinstaller:1.3.1] AndroidManifest.xml:46:13-48:29
111                <action android:name="androidx.profileinstaller.action.SAVE_PROFILE" />
111-->[androidx.profileinstaller:profileinstaller:1.3.1] AndroidManifest.xml:47:17-88
111-->[androidx.profileinstaller:profileinstaller:1.3.1] AndroidManifest.xml:47:25-85
112            </intent-filter>
113            <intent-filter>
113-->[androidx.profileinstaller:profileinstaller:1.3.1] AndroidManifest.xml:49:13-51:29
114                <action android:name="androidx.profileinstaller.action.BENCHMARK_OPERATION" />
114-->[androidx.profileinstaller:profileinstaller:1.3.1] AndroidManifest.xml:50:17-95
114-->[androidx.profileinstaller:profileinstaller:1.3.1] AndroidManifest.xml:50:25-92
115            </intent-filter>
116        </receiver>
117    </application>
118
119</manifest>